<?xml version="1.0" encoding="UTF-8"?>
<!-- Generated by org.testng.reporters.JUnitReportReporter -->
<testsuite skipped="0" hostname="DESKTOP-UACBAHB" name="practise.creating_orgainization" tests="1" failures="0" timestamp="2023-01-31T20:30:17 IST" time="9.901" errors="0">
  <testcase name="org" time="9.901" classname="practise.creating_orgainization"/>
  <system-out/>
</testsuite> <!-- practise.creating_orgainization -->
