<?xml version="1.0" encoding="UTF-8"?>
<!-- Generated by org.testng.reporters.JUnitReportReporter -->
<testsuite hostname="DESKTOP-UACBAHB" failures="0" tests="1" name="practise.testng_practise" time="0.007" errors="0" timestamp="2023-01-31T13:39:28 IST" skipped="0">
  <testcase classname="practise.testng_practise" name="creting" time="0.007"/>
  <system-out/>
</testsuite> <!-- practise.testng_practise -->
